<?xml version="1.0" encoding="UTF-8"?>
<!-- Generated by org.testng.reporters.JUnitXMLReporter -->
<testsuite ignored="1" hostname="EC2AMAZ-S11DBRH" failures="1" tests="1" name="Default test(failed)" time="5.79" errors="0" timestamp="2023-07-18T05:22:20 GMT">
  <testcase classname="NewTest" name="GoogleSearch" time="1.216">
    <failure type="java.lang.AssertionError" message="failed">
      <![CDATA[java.lang.AssertionError: failed
at NewTest.GoogleSearch(NewTest.java:33)
at java.base/java.util.ArrayList.forEach(ArrayList.java:1511)
... Removed 28 stack frames]]>
    </failure>
  </testcase> <!-- GoogleSearch -->
  <testcase classname="NewTest" name="JavaSearch" time="0.0">
    <ignored/>
  </testcase> <!-- JavaSearch -->
</testsuite> <!-- Default test(failed) -->
